<?xml version="1.0" encoding="utf-8"?><testsuites><testsuite name="pytest" errors="0" failures="0" skipped="1" tests="5" time="0.083" timestamp="2022-11-04T07:23:03.904830" hostname="DESKTOP-4TI4FDG"><testcase classname="tests.test_bytebank.TesteClass" name="test_quando_idade_recebe_13_03_2000_deve_retornar_22" time="0.002" /><testcase classname="tests.test_bytebank.TesteClass" name="test_quando_sobrenome_recebe_Lucas_Carvalho_deve_retornar_Carvalho" time="0.001" /><testcase classname="tests.test_bytebank.TesteClass" name="test_quando_decrescimo_salario_recebe_100000_deve_retornar_90000" time="0.001"><skipped type="pytest.skip" message="unconditional skip">C:\Users\Cas\OneDrive\Ambiente de Trabalho\Curso Alura\python_TDD_test\tests\test_bytebank.py:27: unconditional skip</skipped></testcase><testcase classname="tests.test_bytebank.TesteClass" name="test_quando_calcula_bonus_recebe_1000_deve_retornar_100" time="0.001" /><testcase classname="tests.test_bytebank.TesteClass" name="test_quando_calcular_bonus_recebe_1000000_deve_retornar_exception" time="0.001" /></testsuite></testsuites>